<?xml version="1.0" encoding="UTF-8"?>
<!-- Generated by org.testng.reporters.JUnitXMLReporter -->
<testsuite hostname="DESKTOP-1UO0552" ignored="0" name="LoginTest" tests="4" failures="3" timestamp="24 Jul 2020 13:10:46 GMT" time="0.8" errors="0">
  <testcase name="runScenario" time="0.38" classname="cucumber.api.testng.AbstractTestNGCucumberTests">
    <failure type="java.lang.NoClassDefFoundError" message="LBaseClass;">
      <![CDATA[java.lang.NoClassDefFoundError: LBaseClass;
at java.lang.Class.getDeclaredFields0(Native Method)
at java.lang.Class.privateGetDeclaredFields(Class.java:2583)
at java.lang.Class.getDeclaredFields(Class.java:1916)
at org.picocontainer.injectors.AdaptingInjection$2.run(AdaptingInjection.java:217)
at java.security.AccessController.doPrivileged(Native Method)
at org.picocontainer.injectors.AdaptingInjection.injectionFieldAnnotated(AdaptingInjection.java:209)
at org.picocontainer.injectors.AdaptingInjection.fieldAnnotatedInjectionAdapter(AdaptingInjection.java:188)
at org.picocontainer.injectors.AdaptingInjection.createComponentAdapter(AdaptingInjection.java:57)
at org.picocontainer.behaviors.AbstractBehaviorFactory.createComponentAdapter(AbstractBehaviorFactory.java:44)
at org.picocontainer.behaviors.Caching.createComponentAdapter(Caching.java:46)
at org.picocontainer.DefaultPicoContainer.addComponent(DefaultPicoContainer.java:536)
at org.picocontainer.DefaultPicoContainer.addComponent(DefaultPicoContainer.java:501)
at org.picocontainer.DefaultPicoContainer.addComponent(DefaultPicoContainer.java:488)
at cucumber.runtime.java.picocontainer.PicoFactory.start(PicoFactory.java:22)
at cucumber.runtime.java.JavaBackend.buildWorld(JavaBackend.java:114)
at cucumber.runner.Runner.buildBackendWorlds(Runner.java:120)
at cucumber.runner.Runner.runPickle(Runner.java:38)
at cucumber.api.testng.TestNGCucumberRunner.runScenario(TestNGCucumberRunner.java:65)
at cucumber.api.testng.AbstractTestNGCucumberTests.runScenario(AbstractTestNGCucumberTests.java:22)
at java.util.concurrent.FutureTask.run(FutureTask.java:266)
at java.util.concurrent.Executors$RunnableAdapter.call(Executors.java:511)
at java.util.concurrent.FutureTask.run(FutureTask.java:266)
at java.util.concurrent.ThreadPoolExecutor.runWorker(ThreadPoolExecutor.java:1149)
at java.util.concurrent.ThreadPoolExecutor$Worker.run(ThreadPoolExecutor.java:624)
at java.lang.Thread.run(Thread.java:748)
Caused by: java.lang.ClassNotFoundException: BaseClass
at java.net.URLClassLoader.findClass(URLClassLoader.java:382)
at java.lang.ClassLoader.loadClass(ClassLoader.java:418)
at sun.misc.Launcher$AppClassLoader.loadClass(Launcher.java:355)
at java.lang.ClassLoader.loadClass(ClassLoader.java:351)
... 34 more
... Removed 9 stack frames]]>
    </failure>
  </testcase> <!-- runScenario -->
  <testcase name="runScenario" time="0.376" classname="cucumber.api.testng.AbstractTestNGCucumberTests">
    <failure type="java.lang.NoClassDefFoundError" message="LBaseClass;">
      <![CDATA[java.lang.NoClassDefFoundError: LBaseClass;
at java.lang.Class.getDeclaredFields0(Native Method)
at java.lang.Class.privateGetDeclaredFields(Class.java:2583)
at java.lang.Class.getDeclaredFields(Class.java:1916)
at org.picocontainer.injectors.AdaptingInjection$2.run(AdaptingInjection.java:217)
at java.security.AccessController.doPrivileged(Native Method)
at org.picocontainer.injectors.AdaptingInjection.injectionFieldAnnotated(AdaptingInjection.java:209)
at org.picocontainer.injectors.AdaptingInjection.fieldAnnotatedInjectionAdapter(AdaptingInjection.java:188)
at org.picocontainer.injectors.AdaptingInjection.createComponentAdapter(AdaptingInjection.java:57)
at org.picocontainer.behaviors.AbstractBehaviorFactory.createComponentAdapter(AbstractBehaviorFactory.java:44)
at org.picocontainer.behaviors.Caching.createComponentAdapter(Caching.java:46)
at org.picocontainer.DefaultPicoContainer.addComponent(DefaultPicoContainer.java:536)
at org.picocontainer.DefaultPicoContainer.addComponent(DefaultPicoContainer.java:501)
at org.picocontainer.DefaultPicoContainer.addComponent(DefaultPicoContainer.java:488)
at cucumber.runtime.java.picocontainer.PicoFactory.start(PicoFactory.java:22)
at cucumber.runtime.java.JavaBackend.buildWorld(JavaBackend.java:114)
at cucumber.runner.Runner.buildBackendWorlds(Runner.java:120)
at cucumber.runner.Runner.runPickle(Runner.java:38)
at cucumber.api.testng.TestNGCucumberRunner.runScenario(TestNGCucumberRunner.java:65)
at cucumber.api.testng.AbstractTestNGCucumberTests.runScenario(AbstractTestNGCucumberTests.java:22)
at java.util.concurrent.FutureTask.run(FutureTask.java:266)
at java.util.concurrent.Executors$RunnableAdapter.call(Executors.java:511)
at java.util.concurrent.FutureTask.run(FutureTask.java:266)
at java.util.concurrent.ThreadPoolExecutor.runWorker(ThreadPoolExecutor.java:1149)
at java.util.concurrent.ThreadPoolExecutor$Worker.run(ThreadPoolExecutor.java:624)
at java.lang.Thread.run(Thread.java:748)
Caused by: java.lang.ClassNotFoundException: BaseClass
at java.net.URLClassLoader.findClass(URLClassLoader.java:382)
at java.lang.ClassLoader.loadClass(ClassLoader.java:418)
at sun.misc.Launcher$AppClassLoader.loadClass(Launcher.java:355)
at java.lang.ClassLoader.loadClass(ClassLoader.java:351)
... 34 more
... Removed 9 stack frames]]>
    </failure>
  </testcase> <!-- runScenario -->
  <testcase name="runScenario" time="0.377" classname="cucumber.api.testng.AbstractTestNGCucumberTests">
    <failure type="java.lang.NoClassDefFoundError" message="LBaseClass;">
      <![CDATA[java.lang.NoClassDefFoundError: LBaseClass;
at java.lang.Class.getDeclaredFields0(Native Method)
at java.lang.Class.privateGetDeclaredFields(Class.java:2583)
at java.lang.Class.getDeclaredFields(Class.java:1916)
at org.picocontainer.injectors.AdaptingInjection$2.run(AdaptingInjection.java:217)
at java.security.AccessController.doPrivileged(Native Method)
at org.picocontainer.injectors.AdaptingInjection.injectionFieldAnnotated(AdaptingInjection.java:209)
at org.picocontainer.injectors.AdaptingInjection.fieldAnnotatedInjectionAdapter(AdaptingInjection.java:188)
at org.picocontainer.injectors.AdaptingInjection.createComponentAdapter(AdaptingInjection.java:57)
at org.picocontainer.behaviors.AbstractBehaviorFactory.createComponentAdapter(AbstractBehaviorFactory.java:44)
at org.picocontainer.behaviors.Caching.createComponentAdapter(Caching.java:46)
at org.picocontainer.DefaultPicoContainer.addComponent(DefaultPicoContainer.java:536)
at org.picocontainer.DefaultPicoContainer.addComponent(DefaultPicoContainer.java:501)
at org.picocontainer.DefaultPicoContainer.addComponent(DefaultPicoContainer.java:488)
at cucumber.runtime.java.picocontainer.PicoFactory.start(PicoFactory.java:22)
at cucumber.runtime.java.JavaBackend.buildWorld(JavaBackend.java:114)
at cucumber.runner.Runner.buildBackendWorlds(Runner.java:120)
at cucumber.runner.Runner.runPickle(Runner.java:38)
at cucumber.api.testng.TestNGCucumberRunner.runScenario(TestNGCucumberRunner.java:65)
at cucumber.api.testng.AbstractTestNGCucumberTests.runScenario(AbstractTestNGCucumberTests.java:22)
at java.util.concurrent.FutureTask.run(FutureTask.java:266)
at java.util.concurrent.Executors$RunnableAdapter.call(Executors.java:511)
at java.util.concurrent.FutureTask.run(FutureTask.java:266)
at java.util.concurrent.ThreadPoolExecutor.runWorker(ThreadPoolExecutor.java:1149)
at java.util.concurrent.ThreadPoolExecutor$Worker.run(ThreadPoolExecutor.java:624)
at java.lang.Thread.run(Thread.java:748)
Caused by: java.lang.ClassNotFoundException: BaseClass
at java.net.URLClassLoader.findClass(URLClassLoader.java:382)
at java.lang.ClassLoader.loadClass(ClassLoader.java:418)
at sun.misc.Launcher$AppClassLoader.loadClass(Launcher.java:355)
at java.lang.ClassLoader.loadClass(ClassLoader.java:351)
... 34 more
... Removed 9 stack frames]]>
    </failure>
  </testcase> <!-- runScenario -->
  <testcase name="runScenario" time="0.377" classname="cucumber.api.testng.AbstractTestNGCucumberTests">
    <failure type="java.lang.NoClassDefFoundError" message="LBaseClass;">
      <![CDATA[java.lang.NoClassDefFoundError: LBaseClass;
at java.lang.Class.getDeclaredFields0(Native Method)
at java.lang.Class.privateGetDeclaredFields(Class.java:2583)
at java.lang.Class.getDeclaredFields(Class.java:1916)
at org.picocontainer.injectors.AdaptingInjection$2.run(AdaptingInjection.java:217)
at java.security.AccessController.doPrivileged(Native Method)
at org.picocontainer.injectors.AdaptingInjection.injectionFieldAnnotated(AdaptingInjection.java:209)
at org.picocontainer.injectors.AdaptingInjection.fieldAnnotatedInjectionAdapter(AdaptingInjection.java:188)
at org.picocontainer.injectors.AdaptingInjection.createComponentAdapter(AdaptingInjection.java:57)
at org.picocontainer.behaviors.AbstractBehaviorFactory.createComponentAdapter(AbstractBehaviorFactory.java:44)
at org.picocontainer.behaviors.Caching.createComponentAdapter(Caching.java:46)
at org.picocontainer.DefaultPicoContainer.addComponent(DefaultPicoContainer.java:536)
at org.picocontainer.DefaultPicoContainer.addComponent(DefaultPicoContainer.java:501)
at org.picocontainer.DefaultPicoContainer.addComponent(DefaultPicoContainer.java:488)
at cucumber.runtime.java.picocontainer.PicoFactory.start(PicoFactory.java:22)
at cucumber.runtime.java.JavaBackend.buildWorld(JavaBackend.java:114)
at cucumber.runner.Runner.buildBackendWorlds(Runner.java:120)
at cucumber.runner.Runner.runPickle(Runner.java:38)
at cucumber.api.testng.TestNGCucumberRunner.runScenario(TestNGCucumberRunner.java:65)
at cucumber.api.testng.AbstractTestNGCucumberTests.runScenario(AbstractTestNGCucumberTests.java:22)
at java.util.concurrent.FutureTask.run(FutureTask.java:266)
at java.util.concurrent.Executors$RunnableAdapter.call(Executors.java:511)
at java.util.concurrent.FutureTask.run(FutureTask.java:266)
at java.util.concurrent.ThreadPoolExecutor.runWorker(ThreadPoolExecutor.java:1149)
at java.util.concurrent.ThreadPoolExecutor$Worker.run(ThreadPoolExecutor.java:624)
at java.lang.Thread.run(Thread.java:748)
Caused by: java.lang.ClassNotFoundException: BaseClass
at java.net.URLClassLoader.findClass(URLClassLoader.java:382)
at java.lang.ClassLoader.loadClass(ClassLoader.java:418)
at sun.misc.Launcher$AppClassLoader.loadClass(Launcher.java:355)
at java.lang.ClassLoader.loadClass(ClassLoader.java:351)
... 34 more
... Removed 9 stack frames]]>
    </failure>
  </testcase> <!-- runScenario -->
</testsuite> <!-- LoginTest -->
