<?xml version="1.0" encoding="UTF-8"?>
<testsuite xmlns:xsi="http://www.w3.org/2001/XMLSchema-instance" xsi:noNamespaceSchemaLocation="https://maven.apache.org/surefire/maven-surefire-plugin/xsd/surefire-test-report-3.0.xsd" version="3.0" name="TestSuite" time="53.991" tests="5" errors="0" skipped="0" failures="1">
  <properties>
[...]
</properties>
  <testcase name="runScenario" classname="com.duke.testRunner.TestRunnerParallelExecution" time="23.124"/>
  <testcase name="runScenario" classname="com.duke.testRunner.TestRunnerParallelExecution" time="23.182"/>
  <testcase name="runScenario" classname="com.duke.testRunner.TestRunnerParallelExecution" time="23.35"/>
  <testcase name="runScenario" classname="com.duke.testRunner.TestRunner" time="14.388"/>
  <testcase name="runScenario" classname="com.duke.testRunner.TestRunner" time="12.469">
    <failure message="Verify user successfully logged out. expected [false] but found [true]" type="java.lang.AssertionError">java.lang.AssertionError: Verify user successfully logged out. expected [false] but found [true]
</failure>
    <system-out><![CDATA[2021-07-06 13:06:33.273 INFO [main] [com.duke.base.BaseClass] [setUp] [com.duke.base.BaseClass.setUp(BaseClass.java:38)] - config file loaded
2021-07-06 13:06:33.275 INFO [main] [com.duke.base.BaseClass] [setUp] [com.duke.base.BaseClass.setUp(BaseClass.java:41)] - OR file loaded
2021-07-06 13:06:35.299 INFO [main] [com.duke.base.BaseClass] [setUp] [com.duke.base.BaseClass.setUp(BaseClass.java:50)] - Chrome launched
2021-07-06 13:06:40.568 DEBUG [main] [com.duke.base.BaseClass] [setUp] [com.duke.base.BaseClass.setUp(BaseClass.java:53)] - URL launched https://parabank.parasoft.com/parabank/index.htm
Key user Value user4
Key username Value john
Key password Value demo
2021-07-06 13:06:45.733 DEBUG [main] [com.duke.base.BaseClass] [tearDown] [com.duke.base.BaseClass.tearDown(BaseClass.java:71)] - driver closed
]]></system-out>
    <system-err><![CDATA[Starting ChromeDriver 91.0.4472.101 (af52a90bf87030dd1523486a1cd3ae25c5d76c9b-refs/branch-heads/4472@{#1462}) on port 5621
Only local connections are allowed.
Please see https://chromedriver.chromium.org/security-considerations for suggestions on keeping ChromeDriver safe.
ChromeDriver was started successfully.
Jul 06, 2021 1:06:35 PM org.openqa.selenium.remote.ProtocolHandshake createSession
INFO: Detected dialect: W3C
]]></system-err>
  </testcase>
</testsuite>