-------------------------------------------------------------------------------
Test set: TestSuite
-------------------------------------------------------------------------------
Tests run: 5, Failures: 1, Errors: 0, Skipped: 0, Time elapsed: 53.991 s <<< FAILURE! - in TestSuite
runScenario(com.duke.testRunner.TestRunner)  Time elapsed: 12.469 s  <<< FAILURE!
java.lang.AssertionError: Verify user successfully logged out. expected [false] but found [true]

