<?xml version="1.0" encoding="UTF-8"?>
<testsuite xmlns:xsi="http://www.w3.org/2001/XMLSchema-instance" xsi:noNamespaceSchemaLocation="https://maven.apache.org/surefire/maven-surefire-plugin/xsd/surefire-test-report-3.0.xsd" version="3.0" name="TestSuite" time="35.479" tests="1" errors="0" skipped="0" failures="1">
  <properties>
[...]
</properties>
  <testcase name="LoginIn" classname="com.duke.testCases.loginIn" time="0.966">
    <failure message="Test Failed" type="java.lang.AssertionError">java.lang.AssertionError: Test Failed
	at com.duke.testCases.loginIn.LoginIn(loginIn.java:24)
</failure>
    <system-out><![CDATA[25.01.2019 19:23:44,023 INFO  testBase:39 - config file loaded
25.01.2019 19:23:44,071 INFO  testBase:42 - OR file loaded
25.01.2019 19:23:58,753 INFO  testBase:48 - Chrome launched
25.01.2019 19:24:06,968 DEBUG testBase:51 - URL launched http://newtours.demoaut.com/
Welcome: Mercury Tours
25.01.2019 19:24:07,016 DEBUG testBase:16 - Inside login class
25.01.2019 19:24:07,948 DEBUG testBase:23 - Login successfull
]]></system-out>
    <system-err><![CDATA[Starting ChromeDriver 2.45.615291 (ec3682e3c9061c10f26ea9e5cdcf3c53f3f74387) on port 34747
Only local connections are allowed.
Jan 25, 2019 7:23:58 PM org.openqa.selenium.remote.ProtocolHandshake createSession
INFO: Detected dialect: OSS
]]></system-err>
  </testcase>
</testsuite>