<?xml version="1.0" encoding="UTF-8"?>
<testng-results skipped="0" failed="0" total="1" passed="1">
  <reporter-output>
  </reporter-output>
  <suite name="Data Drivern FW" duration-ms="956" started-at="2019-01-25T10:45:27Z" finished-at="2019-01-25T10:45:28Z">
    <groups>
    </groups>
    <test name="LoginTest" duration-ms="956" started-at="2019-01-25T10:45:27Z" finished-at="2019-01-25T10:45:28Z">
      <class name="com.duke.testCases.loginIn">
        <test-method status="PASS" signature="setUp()[pri:0, instance:com.duke.testCases.loginIn@40005471]" name="setUp" is-config="true" duration-ms="14750" started-at="2019-01-25T16:15:12Z" finished-at="2019-01-25T16:15:27Z">
          <reporter-output>
          </reporter-output>
        </test-method> <!-- setUp -->
        <test-method status="PASS" signature="LoginIn()[pri:0, instance:com.duke.testCases.loginIn@40005471]" name="LoginIn" duration-ms="896" started-at="2019-01-25T16:15:27Z" finished-at="2019-01-25T16:15:28Z">
          <reporter-output>
          </reporter-output>
        </test-method> <!-- LoginIn -->
        <test-method status="PASS" signature="tearDown()[pri:0, instance:com.duke.testCases.loginIn@40005471]" name="tearDown" is-config="true" duration-ms="778" started-at="2019-01-25T16:15:28Z" finished-at="2019-01-25T16:15:29Z">
          <reporter-output>
          </reporter-output>
        </test-method> <!-- tearDown -->
      </class> <!-- com.duke.testCases.loginIn -->
    </test> <!-- LoginTest -->
  </suite> <!-- Data Drivern FW -->
</testng-results>
