<?xml version="1.0" encoding="UTF-8"?>
<testng-results skipped="0" failed="4" ignored="0" total="4" passed="0">
  <reporter-output>
  </reporter-output>
  <suite name="Data Drivern FW" duration-ms="800" started-at="2020-07-24T13:10:45Z" finished-at="2020-07-24T13:10:46Z">
    <groups>
      <group name="cucumber">
        <method signature="AbstractTestNGCucumberTests.runScenario(cucumber.api.testng.PickleEventWrapper, cucumber.api.testng.CucumberFeatureWrapper)[pri:0, instance:com.duke.testRunner.TestRunnerParallelExecution@5ce81285]" name="runScenario" class="cucumber.api.testng.AbstractTestNGCucumberTests"/>
      </group> <!-- cucumber -->
    </groups>
    <test name="LoginTest" duration-ms="800" started-at="2020-07-24T13:10:45Z" finished-at="2020-07-24T13:10:46Z">
      <class name="com.duke.testRunner.TestRunnerParallelExecution">
        <test-method status="PASS" signature="setUpClass()[pri:0, instance:com.duke.testRunner.TestRunnerParallelExecution@5ce81285]" name="setUpClass" is-config="true" duration-ms="243" started-at="2020-07-24T13:10:45Z" finished-at="2020-07-24T13:10:45Z">
          <reporter-output>
          </reporter-output>
        </test-method> <!-- setUpClass -->
        <test-method status="FAIL" signature="runScenario(cucumber.api.testng.PickleEventWrapper, cucumber.api.testng.CucumberFeatureWrapper)[pri:0, instance:com.duke.testRunner.TestRunnerParallelExecution@5ce81285]" name="runScenario" duration-ms="380" started-at="2020-07-24T13:10:45Z" description="Runs Cucumber Scenarios" data-provider="scenarios" finished-at="2020-07-24T13:10:46Z">
          <params>
            <param index="0">
              <value>
                <![CDATA["verify Login"]]>
              </value>
            </param>
            <param index="1">
              <value>
                <![CDATA["verify Login"]]>
              </value>
            </param>
          </params>
          <exception class="java.lang.NoClassDefFoundError">
            <message>
              <![CDATA[LBaseClass;]]>
            </message>
            <full-stacktrace>
              <![CDATA[java.lang.NoClassDefFoundError: LBaseClass;
at java.lang.Class.getDeclaredFields0(Native Method)
at java.lang.Class.privateGetDeclaredFields(Class.java:2583)
at java.lang.Class.getDeclaredFields(Class.java:1916)
at org.picocontainer.injectors.AdaptingInjection$2.run(AdaptingInjection.java:217)
at java.security.AccessController.doPrivileged(Native Method)
at org.picocontainer.injectors.AdaptingInjection.injectionFieldAnnotated(AdaptingInjection.java:209)
at org.picocontainer.injectors.AdaptingInjection.fieldAnnotatedInjectionAdapter(AdaptingInjection.java:188)
at org.picocontainer.injectors.AdaptingInjection.createComponentAdapter(AdaptingInjection.java:57)
at org.picocontainer.behaviors.AbstractBehaviorFactory.createComponentAdapter(AbstractBehaviorFactory.java:44)
at org.picocontainer.behaviors.Caching.createComponentAdapter(Caching.java:46)
at org.picocontainer.DefaultPicoContainer.addComponent(DefaultPicoContainer.java:536)
at org.picocontainer.DefaultPicoContainer.addComponent(DefaultPicoContainer.java:501)
at org.picocontainer.DefaultPicoContainer.addComponent(DefaultPicoContainer.java:488)
at cucumber.runtime.java.picocontainer.PicoFactory.start(PicoFactory.java:22)
at cucumber.runtime.java.JavaBackend.buildWorld(JavaBackend.java:114)
at cucumber.runner.Runner.buildBackendWorlds(Runner.java:120)
at cucumber.runner.Runner.runPickle(Runner.java:38)
at cucumber.api.testng.TestNGCucumberRunner.runScenario(TestNGCucumberRunner.java:65)
at cucumber.api.testng.AbstractTestNGCucumberTests.runScenario(AbstractTestNGCucumberTests.java:22)
at sun.reflect.NativeMethodAccessorImpl.invoke0(Native Method)
at sun.reflect.NativeMethodAccessorImpl.invoke(NativeMethodAccessorImpl.java:62)
at sun.reflect.DelegatingMethodAccessorImpl.invoke(DelegatingMethodAccessorImpl.java:43)
at java.lang.reflect.Method.invoke(Method.java:498)
at org.testng.internal.MethodInvocationHelper.invokeMethod(MethodInvocationHelper.java:124)
at org.testng.internal.Invoker.invokeMethod(Invoker.java:583)
at org.testng.internal.Invoker.invokeTestMethod(Invoker.java:719)
at org.testng.internal.TestMethodWithDataProviderMethodWorker.call(TestMethodWithDataProviderMethodWorker.java:71)
at org.testng.internal.TestMethodWithDataProviderMethodWorker.call(TestMethodWithDataProviderMethodWorker.java:14)
at java.util.concurrent.FutureTask.run(FutureTask.java:266)
at java.util.concurrent.Executors$RunnableAdapter.call(Executors.java:511)
at java.util.concurrent.FutureTask.run(FutureTask.java:266)
at java.util.concurrent.ThreadPoolExecutor.runWorker(ThreadPoolExecutor.java:1149)
at java.util.concurrent.ThreadPoolExecutor$Worker.run(ThreadPoolExecutor.java:624)
at java.lang.Thread.run(Thread.java:748)
Caused by: java.lang.ClassNotFoundException: BaseClass
at java.net.URLClassLoader.findClass(URLClassLoader.java:382)
at java.lang.ClassLoader.loadClass(ClassLoader.java:418)
at sun.misc.Launcher$AppClassLoader.loadClass(Launcher.java:355)
at java.lang.ClassLoader.loadClass(ClassLoader.java:351)
... 34 more
]]>
            </full-stacktrace>
          </exception> <!-- java.lang.NoClassDefFoundError -->
          <reporter-output>
          </reporter-output>
        </test-method> <!-- runScenario -->
        <test-method status="FAIL" signature="runScenario(cucumber.api.testng.PickleEventWrapper, cucumber.api.testng.CucumberFeatureWrapper)[pri:0, instance:com.duke.testRunner.TestRunnerParallelExecution@5ce81285]" name="runScenario" duration-ms="377" started-at="2020-07-24T13:10:45Z" description="Runs Cucumber Scenarios" data-provider="scenarios" finished-at="2020-07-24T13:10:46Z">
          <params>
            <param index="0">
              <value>
                <![CDATA["verify Login"]]>
              </value>
            </param>
            <param index="1">
              <value>
                <![CDATA["verify Login"]]>
              </value>
            </param>
          </params>
          <exception class="java.lang.NoClassDefFoundError">
            <message>
              <![CDATA[LBaseClass;]]>
            </message>
            <full-stacktrace>
              <![CDATA[java.lang.NoClassDefFoundError: LBaseClass;
at java.lang.Class.getDeclaredFields0(Native Method)
at java.lang.Class.privateGetDeclaredFields(Class.java:2583)
at java.lang.Class.getDeclaredFields(Class.java:1916)
at org.picocontainer.injectors.AdaptingInjection$2.run(AdaptingInjection.java:217)
at java.security.AccessController.doPrivileged(Native Method)
at org.picocontainer.injectors.AdaptingInjection.injectionFieldAnnotated(AdaptingInjection.java:209)
at org.picocontainer.injectors.AdaptingInjection.fieldAnnotatedInjectionAdapter(AdaptingInjection.java:188)
at org.picocontainer.injectors.AdaptingInjection.createComponentAdapter(AdaptingInjection.java:57)
at org.picocontainer.behaviors.AbstractBehaviorFactory.createComponentAdapter(AbstractBehaviorFactory.java:44)
at org.picocontainer.behaviors.Caching.createComponentAdapter(Caching.java:46)
at org.picocontainer.DefaultPicoContainer.addComponent(DefaultPicoContainer.java:536)
at org.picocontainer.DefaultPicoContainer.addComponent(DefaultPicoContainer.java:501)
at org.picocontainer.DefaultPicoContainer.addComponent(DefaultPicoContainer.java:488)
at cucumber.runtime.java.picocontainer.PicoFactory.start(PicoFactory.java:22)
at cucumber.runtime.java.JavaBackend.buildWorld(JavaBackend.java:114)
at cucumber.runner.Runner.buildBackendWorlds(Runner.java:120)
at cucumber.runner.Runner.runPickle(Runner.java:38)
at cucumber.api.testng.TestNGCucumberRunner.runScenario(TestNGCucumberRunner.java:65)
at cucumber.api.testng.AbstractTestNGCucumberTests.runScenario(AbstractTestNGCucumberTests.java:22)
at sun.reflect.NativeMethodAccessorImpl.invoke0(Native Method)
at sun.reflect.NativeMethodAccessorImpl.invoke(NativeMethodAccessorImpl.java:62)
at sun.reflect.DelegatingMethodAccessorImpl.invoke(DelegatingMethodAccessorImpl.java:43)
at java.lang.reflect.Method.invoke(Method.java:498)
at org.testng.internal.MethodInvocationHelper.invokeMethod(MethodInvocationHelper.java:124)
at org.testng.internal.Invoker.invokeMethod(Invoker.java:583)
at org.testng.internal.Invoker.invokeTestMethod(Invoker.java:719)
at org.testng.internal.TestMethodWithDataProviderMethodWorker.call(TestMethodWithDataProviderMethodWorker.java:71)
at org.testng.internal.TestMethodWithDataProviderMethodWorker.call(TestMethodWithDataProviderMethodWorker.java:14)
at java.util.concurrent.FutureTask.run(FutureTask.java:266)
at java.util.concurrent.Executors$RunnableAdapter.call(Executors.java:511)
at java.util.concurrent.FutureTask.run(FutureTask.java:266)
at java.util.concurrent.ThreadPoolExecutor.runWorker(ThreadPoolExecutor.java:1149)
at java.util.concurrent.ThreadPoolExecutor$Worker.run(ThreadPoolExecutor.java:624)
at java.lang.Thread.run(Thread.java:748)
Caused by: java.lang.ClassNotFoundException: BaseClass
at java.net.URLClassLoader.findClass(URLClassLoader.java:382)
at java.lang.ClassLoader.loadClass(ClassLoader.java:418)
at sun.misc.Launcher$AppClassLoader.loadClass(Launcher.java:355)
at java.lang.ClassLoader.loadClass(ClassLoader.java:351)
... 34 more
]]>
            </full-stacktrace>
          </exception> <!-- java.lang.NoClassDefFoundError -->
          <reporter-output>
          </reporter-output>
        </test-method> <!-- runScenario -->
        <test-method status="FAIL" signature="runScenario(cucumber.api.testng.PickleEventWrapper, cucumber.api.testng.CucumberFeatureWrapper)[pri:0, instance:com.duke.testRunner.TestRunnerParallelExecution@5ce81285]" name="runScenario" duration-ms="377" started-at="2020-07-24T13:10:45Z" description="Runs Cucumber Scenarios" data-provider="scenarios" finished-at="2020-07-24T13:10:46Z">
          <params>
            <param index="0">
              <value>
                <![CDATA["verify Login"]]>
              </value>
            </param>
            <param index="1">
              <value>
                <![CDATA["verify Login"]]>
              </value>
            </param>
          </params>
          <exception class="java.lang.NoClassDefFoundError">
            <message>
              <![CDATA[LBaseClass;]]>
            </message>
            <full-stacktrace>
              <![CDATA[java.lang.NoClassDefFoundError: LBaseClass;
at java.lang.Class.getDeclaredFields0(Native Method)
at java.lang.Class.privateGetDeclaredFields(Class.java:2583)
at java.lang.Class.getDeclaredFields(Class.java:1916)
at org.picocontainer.injectors.AdaptingInjection$2.run(AdaptingInjection.java:217)
at java.security.AccessController.doPrivileged(Native Method)
at org.picocontainer.injectors.AdaptingInjection.injectionFieldAnnotated(AdaptingInjection.java:209)
at org.picocontainer.injectors.AdaptingInjection.fieldAnnotatedInjectionAdapter(AdaptingInjection.java:188)
at org.picocontainer.injectors.AdaptingInjection.createComponentAdapter(AdaptingInjection.java:57)
at org.picocontainer.behaviors.AbstractBehaviorFactory.createComponentAdapter(AbstractBehaviorFactory.java:44)
at org.picocontainer.behaviors.Caching.createComponentAdapter(Caching.java:46)
at org.picocontainer.DefaultPicoContainer.addComponent(DefaultPicoContainer.java:536)
at org.picocontainer.DefaultPicoContainer.addComponent(DefaultPicoContainer.java:501)
at org.picocontainer.DefaultPicoContainer.addComponent(DefaultPicoContainer.java:488)
at cucumber.runtime.java.picocontainer.PicoFactory.start(PicoFactory.java:22)
at cucumber.runtime.java.JavaBackend.buildWorld(JavaBackend.java:114)
at cucumber.runner.Runner.buildBackendWorlds(Runner.java:120)
at cucumber.runner.Runner.runPickle(Runner.java:38)
at cucumber.api.testng.TestNGCucumberRunner.runScenario(TestNGCucumberRunner.java:65)
at cucumber.api.testng.AbstractTestNGCucumberTests.runScenario(AbstractTestNGCucumberTests.java:22)
at sun.reflect.NativeMethodAccessorImpl.invoke0(Native Method)
at sun.reflect.NativeMethodAccessorImpl.invoke(NativeMethodAccessorImpl.java:62)
at sun.reflect.DelegatingMethodAccessorImpl.invoke(DelegatingMethodAccessorImpl.java:43)
at java.lang.reflect.Method.invoke(Method.java:498)
at org.testng.internal.MethodInvocationHelper.invokeMethod(MethodInvocationHelper.java:124)
at org.testng.internal.Invoker.invokeMethod(Invoker.java:583)
at org.testng.internal.Invoker.invokeTestMethod(Invoker.java:719)
at org.testng.internal.TestMethodWithDataProviderMethodWorker.call(TestMethodWithDataProviderMethodWorker.java:71)
at org.testng.internal.TestMethodWithDataProviderMethodWorker.call(TestMethodWithDataProviderMethodWorker.java:14)
at java.util.concurrent.FutureTask.run(FutureTask.java:266)
at java.util.concurrent.Executors$RunnableAdapter.call(Executors.java:511)
at java.util.concurrent.FutureTask.run(FutureTask.java:266)
at java.util.concurrent.ThreadPoolExecutor.runWorker(ThreadPoolExecutor.java:1149)
at java.util.concurrent.ThreadPoolExecutor$Worker.run(ThreadPoolExecutor.java:624)
at java.lang.Thread.run(Thread.java:748)
Caused by: java.lang.ClassNotFoundException: BaseClass
at java.net.URLClassLoader.findClass(URLClassLoader.java:382)
at java.lang.ClassLoader.loadClass(ClassLoader.java:418)
at sun.misc.Launcher$AppClassLoader.loadClass(Launcher.java:355)
at java.lang.ClassLoader.loadClass(ClassLoader.java:351)
... 34 more
]]>
            </full-stacktrace>
          </exception> <!-- java.lang.NoClassDefFoundError -->
          <reporter-output>
          </reporter-output>
        </test-method> <!-- runScenario -->
        <test-method status="FAIL" signature="runScenario(cucumber.api.testng.PickleEventWrapper, cucumber.api.testng.CucumberFeatureWrapper)[pri:0, instance:com.duke.testRunner.TestRunnerParallelExecution@5ce81285]" name="runScenario" duration-ms="376" started-at="2020-07-24T13:10:45Z" description="Runs Cucumber Scenarios" data-provider="scenarios" finished-at="2020-07-24T13:10:46Z">
          <params>
            <param index="0">
              <value>
                <![CDATA["verify Login"]]>
              </value>
            </param>
            <param index="1">
              <value>
                <![CDATA["verify Login"]]>
              </value>
            </param>
          </params>
          <exception class="java.lang.NoClassDefFoundError">
            <message>
              <![CDATA[LBaseClass;]]>
            </message>
            <full-stacktrace>
              <![CDATA[java.lang.NoClassDefFoundError: LBaseClass;
at java.lang.Class.getDeclaredFields0(Native Method)
at java.lang.Class.privateGetDeclaredFields(Class.java:2583)
at java.lang.Class.getDeclaredFields(Class.java:1916)
at org.picocontainer.injectors.AdaptingInjection$2.run(AdaptingInjection.java:217)
at java.security.AccessController.doPrivileged(Native Method)
at org.picocontainer.injectors.AdaptingInjection.injectionFieldAnnotated(AdaptingInjection.java:209)
at org.picocontainer.injectors.AdaptingInjection.fieldAnnotatedInjectionAdapter(AdaptingInjection.java:188)
at org.picocontainer.injectors.AdaptingInjection.createComponentAdapter(AdaptingInjection.java:57)
at org.picocontainer.behaviors.AbstractBehaviorFactory.createComponentAdapter(AbstractBehaviorFactory.java:44)
at org.picocontainer.behaviors.Caching.createComponentAdapter(Caching.java:46)
at org.picocontainer.DefaultPicoContainer.addComponent(DefaultPicoContainer.java:536)
at org.picocontainer.DefaultPicoContainer.addComponent(DefaultPicoContainer.java:501)
at org.picocontainer.DefaultPicoContainer.addComponent(DefaultPicoContainer.java:488)
at cucumber.runtime.java.picocontainer.PicoFactory.start(PicoFactory.java:22)
at cucumber.runtime.java.JavaBackend.buildWorld(JavaBackend.java:114)
at cucumber.runner.Runner.buildBackendWorlds(Runner.java:120)
at cucumber.runner.Runner.runPickle(Runner.java:38)
at cucumber.api.testng.TestNGCucumberRunner.runScenario(TestNGCucumberRunner.java:65)
at cucumber.api.testng.AbstractTestNGCucumberTests.runScenario(AbstractTestNGCucumberTests.java:22)
at sun.reflect.NativeMethodAccessorImpl.invoke0(Native Method)
at sun.reflect.NativeMethodAccessorImpl.invoke(NativeMethodAccessorImpl.java:62)
at sun.reflect.DelegatingMethodAccessorImpl.invoke(DelegatingMethodAccessorImpl.java:43)
at java.lang.reflect.Method.invoke(Method.java:498)
at org.testng.internal.MethodInvocationHelper.invokeMethod(MethodInvocationHelper.java:124)
at org.testng.internal.Invoker.invokeMethod(Invoker.java:583)
at org.testng.internal.Invoker.invokeTestMethod(Invoker.java:719)
at org.testng.internal.TestMethodWithDataProviderMethodWorker.call(TestMethodWithDataProviderMethodWorker.java:71)
at org.testng.internal.TestMethodWithDataProviderMethodWorker.call(TestMethodWithDataProviderMethodWorker.java:14)
at java.util.concurrent.FutureTask.run(FutureTask.java:266)
at java.util.concurrent.Executors$RunnableAdapter.call(Executors.java:511)
at java.util.concurrent.FutureTask.run(FutureTask.java:266)
at java.util.concurrent.ThreadPoolExecutor.runWorker(ThreadPoolExecutor.java:1149)
at java.util.concurrent.ThreadPoolExecutor$Worker.run(ThreadPoolExecutor.java:624)
at java.lang.Thread.run(Thread.java:748)
Caused by: java.lang.ClassNotFoundException: BaseClass
at java.net.URLClassLoader.findClass(URLClassLoader.java:382)
at java.lang.ClassLoader.loadClass(ClassLoader.java:418)
at sun.misc.Launcher$AppClassLoader.loadClass(Launcher.java:355)
at java.lang.ClassLoader.loadClass(ClassLoader.java:351)
... 34 more
]]>
            </full-stacktrace>
          </exception> <!-- java.lang.NoClassDefFoundError -->
          <reporter-output>
          </reporter-output>
        </test-method> <!-- runScenario -->
        <test-method status="PASS" signature="tearDownClass()[pri:0, instance:com.duke.testRunner.TestRunnerParallelExecution@5ce81285]" name="tearDownClass" is-config="true" duration-ms="24" started-at="2020-07-24T13:10:46Z" finished-at="2020-07-24T13:10:46Z">
          <reporter-output>
          </reporter-output>
        </test-method> <!-- tearDownClass -->
      </class> <!-- com.duke.testRunner.TestRunnerParallelExecution -->
    </test> <!-- LoginTest -->
  </suite> <!-- Data Drivern FW -->
</testng-results>
