<?xml version="1.0" encoding="UTF-8"?>
<!-- Generated by org.testng.reporters.JUnitXMLReporter -->
<testsuite hostname="DESKTOP-1UO0552" ignored="0" name="LoginTest" tests="3" failures="0" timestamp="28 Jul 2020 09:04:44 GMT" time="20.157" errors="0">
  <testcase name="runScenario" time="18.646" classname="cucumber.api.testng.AbstractTestNGCucumberTests"/>
  <testcase name="runScenario" time="18.832" classname="cucumber.api.testng.AbstractTestNGCucumberTests"/>
  <testcase name="runScenario" time="19.677" classname="cucumber.api.testng.AbstractTestNGCucumberTests"/>
</testsuite> <!-- LoginTest -->
